002_master_chef_can
003_cracker_box
004_sugar_box
005_tomato_soup_can
006_mustard_bottle
008_pudding_box
010_potted_meat_can
011_banana
012_strawberry
013_apple
014_lemon
015_peach
016_pear
018_plum
019_pitcher_base
021_bleach_cleanser
022_windex_bottle
026_sponge
028_skillet_lid
029_plate
030_fork
031_spoon
032_knife
035_power_drill
037_scissors
038_padlock
040_large_marker
042_adjustable_wrench
043_phillips_screwdriver
044_flat_screwdriver
050_medium_clamp
051_large_clamp
053_mini_soccer_ball
054_softball
056_tennis_ball
057_racquetball
058_golf_ball
061_foam_brick
063-a_marbles
065-a_cups
065-b_cups
065-d_cups
065-e_cups
065-f_cups
065-g_cups
065-h_cups
065-i_cups
065-j_cups
070-a_colored_wood_blocks
071_nine_hole_peg_test
072-a_toy_airplane
072-b_toy_airplane
072-d_toy_airplane
072-e_toy_airplane
073-a_lego_duplo
073-b_lego_duplo
073-c_lego_duplo
073-d_lego_duplo
073-e_lego_duplo
073-f_lego_duplo
077_rubiks_cube